# JRE version: OpenJDK Runtime Environment (24.0.1) (build 24.0.1)
# Java VM: OpenJDK 64-Bit Server VM (24.0.1, mixed mode, sharing, tiered, compressed oops, compressed class ptrs, g1 gc, linux-amd64)
GC Precious Log:
 CardTable entry size: 512
 Card Set container configuration: InlinePtr #cards 5 size 8 Array Of Cards #cards 10 size 36 Howl #buckets 4 coarsen threshold 1843 Howl Bitmap #cards 512 size 80 coarsen threshold 460 Card regions per heap region 1 cards per card region 2048
 CPUs: 4 total, 4 available
 Memory: 7735M
 Large Page Support: Disabled
 NUMA Support: Disabled
 Compressed Oops: Enabled (32-bit)
 Heap Region Size: 1M
 Heap Min Capacity: 64M
 Heap Initial Capacity: 64M
 Heap Max Capacity: 1G
 Pre-touch: Disabled
 Parallel Workers: 4
 Concurrent Workers: 1
 Concurrent Refinement Workers: 4
 Periodic GC: Disabled
Heap:
 garbage-first heap   total reserved 1048576K, committed 67584K, used 48629K [0x00000000c0000000, 0x0000000100000000)
  region size 1024K, 28 young (28672K), 4 survivors (4096K)
 Metaspace       used 34843K, committed 35968K, reserved 1114112K
  class space    used 3373K, committed 3840K, reserved 1048576K
GC Heap History (10 events):
Event: 0.595 GC heap before
{Heap before GC invocations=0 (full 0):
 garbage-first heap   total reserved 1048576K, committed 67584K, used 29797K [0x00000000c0000000, 0x0000000100000000)
  region size 1024K, 28 young (28672K), 0 survivors (0K)
 Metaspace       used 6630K, committed 6784K, reserved 1114112K
  class space    used 528K, committed 576K, reserved 1048576K
}
Event: 0.602 GC heap after
{Heap after GC invocations=1 (full 0):
 garbage-first heap   total reserved 1048576K, committed 67584K, used 8549K [0x00000000c0000000, 0x0000000100000000)
  region size 1024K, 4 young (4096K), 4 survivors (4096K)
 Metaspace       used 6630K, committed 6784K, reserved 1114112K
  class space    used 528K, committed 576K, reserved 1048576K
}
Event: 1.100 GC heap before
{Heap before GC invocations=1 (full 0):
 garbage-first heap   total reserved 1048576K, committed 67584K, used 32101K [0x00000000c0000000, 0x0000000100000000)
  region size 1024K, 27 young (27648K), 4 survivors (4096K)
 Metaspace       used 13043K, committed 13504K, reserved 1114112K
  class space    used 1093K, committed 1280K, reserved 1048576K
}
Event: 1.105 GC heap after
{Heap after GC invocations=2 (full 0):
 garbage-first heap   total reserved 1048576K, committed 67584K, used 13135K [0x00000000c0000000, 0x0000000100000000)
  region size 1024K, 4 young (4096K), 4 survivors (4096K)
 Metaspace       used 13043K, committed 13504K, reserved 1114112K
  class space    used 1093K, committed 1280K, reserved 1048576K
}
Event: 1.499 GC heap before
{Heap before GC invocations=2 (full 0):
 garbage-first heap   total reserved 1048576K, committed 67584K, used 39759K [0x00000000c0000000, 0x0000000100000000)
  region size 1024K, 30 young (30720K), 4 survivors (4096K)
 Metaspace       used 19105K, committed 19904K, reserved 1114112K
  class space    used 1624K, committed 1920K, reserved 1048576K
}
Event: 1.504 GC heap after
{Heap after GC invocations=3 (full 0):
 garbage-first heap   total reserved 1048576K, committed 67584K, used 17622K [0x00000000c0000000, 0x0000000100000000)
  region size 1024K, 4 young (4096K), 4 survivors (4096K)
 Metaspace       used 19105K, committed 19904K, reserved 1114112K
  class space    used 1624K, committed 1920K, reserved 1048576K
}
Event: 1.607 GC heap before
{Heap before GC invocations=3 (full 0):
 garbage-first heap   total reserved 1048576K, committed 67584K, used 29910K [0x00000000c0000000, 0x0000000100000000)
  region size 1024K, 17 young (17408K), 4 survivors (4096K)
 Metaspace       used 20716K, committed 21504K, reserved 1114112K
  class space    used 1832K, committed 2112K, reserved 1048576K
}
Event: 1.611 GC heap after
{Heap after GC invocations=4 (full 0):
 garbage-first heap   total reserved 1048576K, committed 67584K, used 19850K [0x00000000c0000000, 0x0000000100000000)
  region size 1024K, 3 young (3072K), 3 survivors (3072K)
 Metaspace       used 20716K, committed 21504K, reserved 1114112K
  class space    used 1832K, committed 2112K, reserved 1048576K
}
Event: 2.127 GC heap before
{Heap before GC invocations=5 (full 0):
 garbage-first heap   total reserved 1048576K, committed 67584K, used 48522K [0x00000000c0000000, 0x0000000100000000)
  region size 1024K, 31 young (31744K), 3 survivors (3072K)
 Metaspace       used 30788K, committed 31808K, reserved 1114112K
  class space    used 2875K, committed 3264K, reserved 1048576K
}
Event: 2.133 GC heap after
{Heap after GC invocations=6 (full 0):
 garbage-first heap   total reserved 1048576K, committed 67584K, used 23029K [0x00000000c0000000, 0x0000000100000000)
  region size 1024K, 4 young (4096K), 4 survivors (4096K)
 Metaspace       used 30788K, committed 31808K, reserved 1114112K
  class space    used 2875K, committed 3264K, reserved 1048576K
}

